<?xml version="1.0" encoding="UTF-8"?>
<testsuite xmlns:xsi="http://www.w3.org/2001/XMLSchema-instance" xsi:noNamespaceSchemaLocation="https://maven.apache.org/surefire/maven-surefire-plugin/xsd/surefire-test-report-3.0.xsd" version="3.0" name="BurgerTest" time="1.097" tests="6" errors="0" skipped="0" failures="0">
  <properties>
[...]
</properties>
  <testcase name="checkRemoveIngredient" classname="BurgerTest" time="0.187"/>
  <testcase name="checkGetPrice" classname="BurgerTest" time="0.047"/>
  <testcase name="checkMoveIngredient" classname="BurgerTest" time="0.002"/>
  <testcase name="checkAddIngredient" classname="BurgerTest" time="0.002"/>
  <testcase name="checkSetBun" classname="BurgerTest" time="0.001"/>
  <testcase name="checkReceipt" classname="BurgerTest" time="0.005"/>
</testsuite>